TN:
SF:src\config\config.js
FNF:0
FNH:0
DA:1,0
DA:3,0
DA:11,0
LF:3
LH:0
BRDA:4,0,0,0
BRDA:4,0,1,0
BRDA:5,1,0,0
BRDA:5,1,1,0
BRDA:7,2,0,0
BRDA:7,2,1,0
BRF:6
BRH:0
end_of_record
TN:
SF:src\controllers\propertyController.js
FN:4,(anonymous_0)
FN:7,(anonymous_1)
FN:15,(anonymous_2)
FN:16,(anonymous_3)
FN:24,(anonymous_4)
FN:27,(anonymous_5)
FN:38,(anonymous_6)
FN:42,(anonymous_7)
FN:50,(anonymous_8)
FN:53,(anonymous_9)
FNF:10
FNH:10
FNDA:13,(anonymous_0)
FNDA:13,(anonymous_1)
FNDA:1,(anonymous_2)
FNDA:1,(anonymous_3)
FNDA:2,(anonymous_4)
FNDA:2,(anonymous_5)
FNDA:1,(anonymous_6)
FNDA:1,(anonymous_7)
FNDA:1,(anonymous_8)
FNDA:1,(anonymous_9)
DA:1,2
DA:5,13
DA:7,13
DA:8,13
DA:9,0
DA:11,13
DA:16,1
DA:17,1
DA:18,0
DA:20,1
DA:25,2
DA:27,2
DA:28,2
DA:29,0
DA:31,2
DA:32,1
DA:34,1
DA:39,1
DA:40,1
DA:42,1
DA:43,1
DA:44,0
DA:46,1
DA:51,1
DA:53,1
DA:54,1
DA:55,0
DA:57,1
DA:62,2
LF:29
LH:24
BRDA:8,0,0,0
BRDA:8,0,1,13
BRDA:17,1,0,0
BRDA:17,1,1,1
BRDA:28,2,0,0
BRDA:28,2,1,2
BRDA:31,3,0,1
BRDA:31,3,1,1
BRDA:43,4,0,0
BRDA:43,4,1,1
BRDA:54,5,0,0
BRDA:54,5,1,1
BRF:12
BRH:7
end_of_record
TN:
SF:src\controllers\reservationController.js
FN:4,(anonymous_0)
FN:7,(anonymous_1)
FN:15,(anonymous_2)
FN:16,(anonymous_3)
FN:24,(anonymous_4)
FN:27,(anonymous_5)
FN:38,(anonymous_6)
FN:41,(anonymous_7)
FN:49,(anonymous_8)
FN:53,(anonymous_9)
FN:61,(anonymous_10)
FN:64,(anonymous_11)
FNF:12
FNH:2
FNDA:0,(anonymous_0)
FNDA:0,(anonymous_1)
FNDA:0,(anonymous_2)
FNDA:0,(anonymous_3)
FNDA:1,(anonymous_4)
FNDA:1,(anonymous_5)
FNDA:0,(anonymous_6)
FNDA:0,(anonymous_7)
FNDA:0,(anonymous_8)
FNDA:0,(anonymous_9)
FNDA:0,(anonymous_10)
FNDA:0,(anonymous_11)
DA:1,2
DA:5,0
DA:7,0
DA:8,0
DA:9,0
DA:11,0
DA:16,0
DA:17,0
DA:18,0
DA:20,0
DA:25,1
DA:27,1
DA:28,1
DA:29,0
DA:31,1
DA:32,1
DA:34,0
DA:39,0
DA:41,0
DA:42,0
DA:43,0
DA:45,0
DA:50,0
DA:51,0
DA:53,0
DA:54,0
DA:55,0
DA:57,0
DA:62,0
DA:64,0
DA:65,0
DA:66,0
DA:68,0
DA:73,2
LF:34
LH:7
BRDA:8,0,0,0
BRDA:8,0,1,0
BRDA:17,1,0,0
BRDA:17,1,1,0
BRDA:28,2,0,0
BRDA:28,2,1,1
BRDA:31,3,0,1
BRDA:31,3,1,0
BRDA:42,4,0,0
BRDA:42,4,1,0
BRDA:54,5,0,0
BRDA:54,5,1,0
BRDA:65,6,0,0
BRDA:65,6,1,0
BRF:14
BRH:2
end_of_record
TN:
SF:src\middlewares\validationMiddleware.js
FN:4,validatePropertyData
FN:12,validateReservationData
FN:20,(anonymous_2)
FNF:3
FNH:2
FNDA:19,validatePropertyData
FNDA:12,validateReservationData
FNDA:0,(anonymous_2)
DA:1,3
DA:2,3
DA:5,19
DA:6,19
DA:7,4
DA:9,15
DA:13,12
DA:14,12
DA:15,12
DA:19,0
DA:20,0
DA:21,0
DA:22,0
DA:24,0
DA:25,0
DA:27,0
DA:31,3
LF:17
LH:10
BRDA:6,0,0,4
BRDA:6,0,1,15
BRDA:14,1,0,12
BRDA:14,1,1,0
BRDA:21,2,0,0
BRDA:21,2,1,0
BRDA:24,3,0,0
BRDA:24,3,1,0
BRF:8
BRH:3
end_of_record
TN:
SF:src\models\Property.js
FN:4,(anonymous_0)
FN:13,(anonymous_1)
FN:21,(anonymous_2)
FN:24,(anonymous_3)
FN:32,(anonymous_4)
FN:35,(anonymous_5)
FN:43,(anonymous_6)
FN:61,(anonymous_7)
FN:69,(anonymous_8)
FN:72,(anonymous_9)
FNF:10
FNH:10
FNDA:32,(anonymous_0)
FNDA:32,(anonymous_1)
FNDA:3,(anonymous_2)
FNDA:3,(anonymous_3)
FNDA:4,(anonymous_4)
FNDA:4,(anonymous_5)
FNDA:2,(anonymous_6)
FNDA:2,(anonymous_7)
FNDA:2,(anonymous_8)
FNDA:2,(anonymous_9)
DA:1,5
DA:5,32
DA:7,32
DA:13,32
DA:14,32
DA:15,1
DA:17,31
DA:22,3
DA:24,3
DA:25,3
DA:26,0
DA:28,3
DA:33,4
DA:35,4
DA:36,4
DA:37,0
DA:39,4
DA:44,2
DA:46,2
DA:61,2
DA:62,2
DA:63,0
DA:65,2
DA:70,2
DA:72,2
DA:73,2
DA:74,0
DA:76,2
DA:81,5
LF:29
LH:25
BRDA:14,0,0,1
BRDA:14,0,1,31
BRDA:25,1,0,0
BRDA:25,1,1,3
BRDA:36,2,0,0
BRDA:36,2,1,4
BRDA:62,3,0,0
BRDA:62,3,1,2
BRDA:73,4,0,0
BRDA:73,4,1,2
BRF:10
BRH:6
end_of_record
TN:
SF:src\models\Reservation.js
FN:4,(anonymous_0)
FN:14,(anonymous_1)
FN:22,(anonymous_2)
FN:25,(anonymous_3)
FN:33,(anonymous_4)
FN:36,(anonymous_5)
FN:44,(anonymous_6)
FN:47,(anonymous_7)
FN:55,(anonymous_8)
FN:71,(anonymous_9)
FN:79,(anonymous_10)
FN:82,(anonymous_11)
FNF:12
FNH:12
FNDA:8,(anonymous_0)
FNDA:8,(anonymous_1)
FNDA:2,(anonymous_2)
FNDA:2,(anonymous_3)
FNDA:2,(anonymous_4)
FNDA:2,(anonymous_5)
FNDA:1,(anonymous_6)
FNDA:1,(anonymous_7)
FNDA:1,(anonymous_8)
FNDA:1,(anonymous_9)
FNDA:1,(anonymous_10)
FNDA:1,(anonymous_11)
DA:1,3
DA:5,8
DA:6,8
DA:8,8
DA:14,8
DA:15,8
DA:16,0
DA:18,8
DA:23,2
DA:25,2
DA:26,2
DA:27,0
DA:29,2
DA:34,2
DA:36,2
DA:37,2
DA:38,0
DA:40,2
DA:45,1
DA:47,1
DA:48,1
DA:49,0
DA:51,1
DA:56,1
DA:58,1
DA:71,1
DA:72,1
DA:73,1
DA:75,0
DA:80,1
DA:82,1
DA:83,1
DA:84,0
DA:86,1
DA:91,3
LF:35
LH:29
BRDA:6,0,0,8
BRDA:6,0,1,6
BRDA:15,1,0,0
BRDA:15,1,1,8
BRDA:26,2,0,0
BRDA:26,2,1,2
BRDA:37,3,0,0
BRDA:37,3,1,2
BRDA:48,4,0,0
BRDA:48,4,1,1
BRDA:72,5,0,1
BRDA:72,5,1,0
BRDA:83,6,0,0
BRDA:83,6,1,1
BRF:14
BRH:8
end_of_record
TN:
SF:src\routes\propertyRoutes.js
FNF:0
FNH:0
DA:1,2
DA:2,2
DA:3,2
DA:4,2
DA:7,2
DA:8,2
DA:9,2
DA:10,2
DA:11,2
DA:13,2
LF:10
LH:10
BRF:0
BRH:0
end_of_record
TN:
SF:src\routes\reservationRoutes.js
FNF:0
FNH:0
DA:1,2
DA:2,2
DA:3,2
DA:4,2
DA:7,2
DA:8,2
DA:9,2
DA:10,2
DA:11,2
DA:12,2
DA:14,2
LF:11
LH:11
BRF:0
BRH:0
end_of_record
TN:
SF:src\validators\schemas.js
FNF:0
FNH:0
DA:1,3
DA:3,3
DA:15,3
DA:28,3
LF:4
LH:4
BRF:0
BRH:0
end_of_record
